<?xml version="1.0" encoding="UTF-8"?>
<!-- Generated by org.testng.reporters.JUnitReportReporter -->
<testsuite hostname="m-PC" name="org.testing.NewTest" tests="1" failures="0" timestamp="30 Sep 2018 15:11:42 GMT" time="0.014" errors="0">
  <testcase name="f" time="0.014" classname="org.testing.NewTest"/>
</testsuite> <!-- org.testing.NewTest -->
