<?xml version="1.0" encoding="UTF-8"?>
<!-- Generated by org.testng.reporters.JUnitReportReporter -->
<testsuite hostname="m-PC" name="org.maven.test.NewTest" tests="1" failures="0" timestamp="30 Sep 2018 13:54:46 GMT" time="0.022" errors="0">
  <testcase name="f" time="0.022" classname="org.maven.test.NewTest"/>
</testsuite> <!-- org.maven.test.NewTest -->
